[02-Feb-2017 04:48:45 UTC] PHP Warning:  mysqli_connect(): (HY000/1049): Unknown database 'globitek' in /home/ubuntu/workspace/private/database.php on line 5
[02-Feb-2017 04:48:45 UTC] PHP Stack trace:
[02-Feb-2017 04:48:45 UTC] PHP   1. {main}() /home/ubuntu/workspace/public/register.php:0
[02-Feb-2017 04:48:45 UTC] PHP   2. require_once() /home/ubuntu/workspace/public/register.php:2
[02-Feb-2017 04:48:45 UTC] PHP   3. db_connect() /home/ubuntu/workspace/private/initialize.php:25
[02-Feb-2017 04:48:45 UTC] PHP   4. mysqli_connect() /home/ubuntu/workspace/private/database.php:5
[02-Feb-2017 04:50:36 UTC] PHP Warning:  mysqli_connect(): (HY000/1049): Unknown database 'globitek' in /home/ubuntu/workspace/private/database.php on line 5
[02-Feb-2017 04:50:36 UTC] PHP Stack trace:
[02-Feb-2017 04:50:36 UTC] PHP   1. {main}() /home/ubuntu/workspace/public/register.php:0
[02-Feb-2017 04:50:36 UTC] PHP   2. require_once() /home/ubuntu/workspace/public/register.php:2
[02-Feb-2017 04:50:36 UTC] PHP   3. db_connect() /home/ubuntu/workspace/private/initialize.php:25
[02-Feb-2017 04:50:36 UTC] PHP   4. mysqli_connect() /home/ubuntu/workspace/private/database.php:5
[02-Feb-2017 04:50:37 UTC] PHP Warning:  mysqli_connect(): (HY000/1049): Unknown database 'globitek' in /home/ubuntu/workspace/private/database.php on line 5
[02-Feb-2017 04:50:37 UTC] PHP Stack trace:
[02-Feb-2017 04:50:37 UTC] PHP   1. {main}() /home/ubuntu/workspace/public/register.php:0
[02-Feb-2017 04:50:37 UTC] PHP   2. require_once() /home/ubuntu/workspace/public/register.php:2
[02-Feb-2017 04:50:37 UTC] PHP   3. db_connect() /home/ubuntu/workspace/private/initialize.php:25
[02-Feb-2017 04:50:37 UTC] PHP   4. mysqli_connect() /home/ubuntu/workspace/private/database.php:5
[02-Feb-2017 04:50:49 UTC] PHP Warning:  mysqli_connect(): (HY000/1049): Unknown database 'globitek_week1.sql' in /home/ubuntu/workspace/private/database.php on line 5
[02-Feb-2017 04:50:49 UTC] PHP Stack trace:
[02-Feb-2017 04:50:49 UTC] PHP   1. {main}() /home/ubuntu/workspace/public/register.php:0
[02-Feb-2017 04:50:49 UTC] PHP   2. require_once() /home/ubuntu/workspace/public/register.php:2
[02-Feb-2017 04:50:49 UTC] PHP   3. db_connect() /home/ubuntu/workspace/private/initialize.php:25
[02-Feb-2017 04:50:49 UTC] PHP   4. mysqli_connect() /home/ubuntu/workspace/private/database.php:5
[02-Feb-2017 04:50:50 UTC] PHP Warning:  mysqli_connect(): (HY000/1049): Unknown database 'globitek_week1.sql' in /home/ubuntu/workspace/private/database.php on line 5
[02-Feb-2017 04:50:50 UTC] PHP Stack trace:
[02-Feb-2017 04:50:50 UTC] PHP   1. {main}() /home/ubuntu/workspace/public/register.php:0
[02-Feb-2017 04:50:50 UTC] PHP   2. require_once() /home/ubuntu/workspace/public/register.php:2
[02-Feb-2017 04:50:50 UTC] PHP   3. db_connect() /home/ubuntu/workspace/private/initialize.php:25
[02-Feb-2017 04:50:50 UTC] PHP   4. mysqli_connect() /home/ubuntu/workspace/private/database.php:5
[03-Feb-2017 21:08:02 UTC] PHP Parse error:  syntax error, unexpected '?' in /home/ubuntu/workspace/public/register.php on line 5
[03-Feb-2017 21:19:41 UTC] PHP Parse error:  syntax error, unexpected '<' in /home/ubuntu/workspace/public/register.php on line 56
[03-Feb-2017 21:20:13 UTC] PHP Parse error:  syntax error, unexpected '<' in /home/ubuntu/workspace/public/register.php on line 57
[03-Feb-2017 21:22:04 UTC] PHP Parse error:  syntax error, unexpected '$firstName' (T_VARIABLE) in /home/ubuntu/workspace/public/register.php on line 56
[03-Feb-2017 21:25:51 UTC] PHP Parse error:  syntax error, unexpected '$firstName' (T_VARIABLE) in /home/ubuntu/workspace/public/register.php on line 56
[03-Feb-2017 21:25:53 UTC] PHP Parse error:  syntax error, unexpected '$firstName' (T_VARIABLE) in /home/ubuntu/workspace/public/register.php on line 56
[03-Feb-2017 21:26:09 UTC] PHP Parse error:  syntax error, unexpected '$firstName' (T_VARIABLE) in /home/ubuntu/workspace/public/register.php on line 56
[03-Feb-2017 21:26:17 UTC] PHP Parse error:  syntax error, unexpected '$firstName' (T_VARIABLE) in /home/ubuntu/workspace/public/register.php on line 56
[03-Feb-2017 21:26:42 UTC] PHP Parse error:  syntax error, unexpected '$firstName' (T_VARIABLE) in /home/ubuntu/workspace/public/register.php on line 56
[03-Feb-2017 21:26:43 UTC] PHP Parse error:  syntax error, unexpected '$firstName' (T_VARIABLE) in /home/ubuntu/workspace/public/register.php on line 56
[03-Feb-2017 21:26:53 UTC] PHP Parse error:  syntax error, unexpected '$firstName' (T_VARIABLE) in /home/ubuntu/workspace/public/register.php on line 57
[03-Feb-2017 21:27:52 UTC] PHP Parse error:  syntax error, unexpected 'if' (T_IF), expecting ',' or ';' in /home/ubuntu/workspace/public/register.php on line 12
[03-Feb-2017 21:30:39 UTC] PHP Parse error:  syntax error, unexpected '$firstName' (T_VARIABLE) in /home/ubuntu/workspace/public/register.php on line 56
[03-Feb-2017 21:30:57 UTC] PHP Parse error:  syntax error, unexpected '$firstName' (T_VARIABLE) in /home/ubuntu/workspace/public/register.php on line 52
[03-Feb-2017 21:31:13 UTC] PHP Parse error:  syntax error, unexpected '$firstName' (T_VARIABLE) in /home/ubuntu/workspace/public/register.php on line 52
[03-Feb-2017 21:31:36 UTC] PHP Parse error:  syntax error, unexpected '$firstName' (T_VARIABLE) in /home/ubuntu/workspace/public/register.php on line 43
[03-Feb-2017 21:31:40 UTC] PHP Parse error:  syntax error, unexpected '$firstName' (T_VARIABLE) in /home/ubuntu/workspace/public/register.php on line 43
[03-Feb-2017 21:32:10 UTC] PHP Parse error:  syntax error, unexpected '$firstName' (T_VARIABLE) in /home/ubuntu/workspace/public/register.php on line 56
[03-Feb-2017 21:32:32 UTC] PHP Parse error:  syntax error, unexpected '$firstName' (T_VARIABLE) in /home/ubuntu/workspace/public/register.php on line 47
[03-Feb-2017 21:32:43 UTC] PHP Parse error:  syntax error, unexpected '$firstName' (T_VARIABLE) in /home/ubuntu/workspace/public/register.php on line 47
[03-Feb-2017 21:32:44 UTC] PHP Parse error:  syntax error, unexpected '$firstName' (T_VARIABLE) in /home/ubuntu/workspace/public/register.php on line 47
[03-Feb-2017 21:32:57 UTC] PHP Parse error:  syntax error, unexpected '$firstName' (T_VARIABLE) in /home/ubuntu/workspace/public/register.php on line 9
[03-Feb-2017 23:21:10 UTC] PHP Parse error:  syntax error, unexpected '[' in /home/ubuntu/workspace/private/validation_functions.php on line 12
[03-Feb-2017 23:21:10 UTC] PHP Stack trace:
[03-Feb-2017 23:21:10 UTC] PHP   1. {main}() /home/ubuntu/workspace/public/register.php:0
[03-Feb-2017 23:21:10 UTC] PHP   2. require_once() /home/ubuntu/workspace/public/register.php:2
[05-Feb-2017 01:33:00 UTC] PHP Parse error:  syntax error, unexpected '}' in /home/ubuntu/workspace/private/validation_functions.php on line 22
[05-Feb-2017 01:33:00 UTC] PHP Stack trace:
[05-Feb-2017 01:33:00 UTC] PHP   1. {main}() /home/ubuntu/workspace/public/register.php:0
[05-Feb-2017 01:33:00 UTC] PHP   2. require_once() /home/ubuntu/workspace/public/register.php:2
[06-Feb-2017 19:19:20 UTC] PHP Parse error:  syntax error, unexpected '{' in /home/ubuntu/workspace/public/register.php on line 23
[06-Feb-2017 19:32:48 UTC] PHP Parse error:  syntax error, unexpected '}' in /home/ubuntu/workspace/public/register.php on line 23
[06-Feb-2017 21:08:18 UTC] PHP Parse error:  syntax error, unexpected '$firstName' (T_VARIABLE) in /home/ubuntu/workspace/public/register.php on line 58
[06-Feb-2017 21:10:54 UTC] PHP Warning:  mysqli_close(): Couldn't fetch mysqli in /home/ubuntu/workspace/private/database.php on line 50
[06-Feb-2017 21:10:54 UTC] PHP Stack trace:
[06-Feb-2017 21:10:54 UTC] PHP   1. {main}() /home/ubuntu/workspace/public/register.php:0
[06-Feb-2017 21:10:54 UTC] PHP   2. include() /home/ubuntu/workspace/public/register.php:106
[06-Feb-2017 21:10:54 UTC] PHP   3. db_close() /home/ubuntu/workspace/private/shared/footer.php:4
[06-Feb-2017 21:10:54 UTC] PHP   4. mysqli_close() /home/ubuntu/workspace/private/database.php:50
[07-Feb-2017 02:40:06 UTC] PHP Parse error:  syntax error, unexpected '$result' (T_VARIABLE) in /home/ubuntu/workspace/private/validation_functions.php on line 41
[07-Feb-2017 02:40:06 UTC] PHP Stack trace:
[07-Feb-2017 02:40:06 UTC] PHP   1. {main}() /home/ubuntu/workspace/public/register.php:0
[07-Feb-2017 02:40:06 UTC] PHP   2. require_once() /home/ubuntu/workspace/public/register.php:2
[07-Feb-2017 02:41:04 UTC] PHP Parse error:  syntax error, unexpected '$result' (T_VARIABLE) in /home/ubuntu/workspace/private/validation_functions.php on line 41
[07-Feb-2017 02:41:04 UTC] PHP Stack trace:
[07-Feb-2017 02:41:04 UTC] PHP   1. {main}() /home/ubuntu/workspace/public/register.php:0
[07-Feb-2017 02:41:04 UTC] PHP   2. require_once() /home/ubuntu/workspace/public/register.php:2
[07-Feb-2017 02:41:15 UTC] PHP Parse error:  syntax error, unexpected '$result' (T_VARIABLE) in /home/ubuntu/workspace/private/validation_functions.php on line 41
[07-Feb-2017 02:41:15 UTC] PHP Stack trace:
[07-Feb-2017 02:41:15 UTC] PHP   1. {main}() /home/ubuntu/workspace/public/register.php:0
[07-Feb-2017 02:41:15 UTC] PHP   2. require_once() /home/ubuntu/workspace/public/register.php:2
[07-Feb-2017 02:41:48 UTC] PHP Parse error:  syntax error, unexpected '$result' (T_VARIABLE) in /home/ubuntu/workspace/private/validation_functions.php on line 41
[07-Feb-2017 02:41:48 UTC] PHP Stack trace:
[07-Feb-2017 02:41:48 UTC] PHP   1. {main}() /home/ubuntu/workspace/public/register.php:0
[07-Feb-2017 02:41:48 UTC] PHP   2. require_once() /home/ubuntu/workspace/public/register.php:2
[07-Feb-2017 02:42:23 UTC] PHP Parse error:  syntax error, unexpected '$result' (T_VARIABLE) in /home/ubuntu/workspace/public/register.php on line 65
[07-Feb-2017 02:43:07 UTC] PHP Warning:  mysqli_query() expects parameter 1 to be mysqli, null given in /home/ubuntu/workspace/private/database.php on line 16
[07-Feb-2017 02:43:07 UTC] PHP Stack trace:
[07-Feb-2017 02:43:07 UTC] PHP   1. {main}() /home/ubuntu/workspace/public/register.php:0
[07-Feb-2017 02:43:07 UTC] PHP   2. has_unique_username() /home/ubuntu/workspace/public/register.php:64
[07-Feb-2017 02:43:07 UTC] PHP   3. db_query() /home/ubuntu/workspace/private/validation_functions.php:41
[07-Feb-2017 02:43:07 UTC] PHP   4. mysqli_query() /home/ubuntu/workspace/private/database.php:16
[07-Feb-2017 02:45:53 UTC] PHP Warning:  Missing argument 2 for has_unique_username(), called in /home/ubuntu/workspace/public/register.php on line 64 and defined in /home/ubuntu/workspace/private/validation_functions.php on line 39
[07-Feb-2017 02:45:53 UTC] PHP Stack trace:
[07-Feb-2017 02:45:53 UTC] PHP   1. {main}() /home/ubuntu/workspace/public/register.php:0
[07-Feb-2017 02:45:53 UTC] PHP   2. has_unique_username() /home/ubuntu/workspace/public/register.php:64
[07-Feb-2017 02:45:53 UTC] PHP Warning:  mysqli_query() expects parameter 1 to be mysqli, string given in /home/ubuntu/workspace/private/database.php on line 16
[07-Feb-2017 02:45:53 UTC] PHP Stack trace:
[07-Feb-2017 02:45:53 UTC] PHP   1. {main}() /home/ubuntu/workspace/public/register.php:0
[07-Feb-2017 02:45:53 UTC] PHP   2. has_unique_username() /home/ubuntu/workspace/public/register.php:64
[07-Feb-2017 02:45:53 UTC] PHP   3. db_query() /home/ubuntu/workspace/private/validation_functions.php:41
[07-Feb-2017 02:45:53 UTC] PHP   4. mysqli_query() /home/ubuntu/workspace/private/database.php:16
[07-Feb-2017 02:49:05 UTC] PHP Warning:  mysql_fetch_row() expects parameter 1 to be resource, object given in /home/ubuntu/workspace/private/validation_functions.php on line 43
[07-Feb-2017 02:49:05 UTC] PHP Stack trace:
[07-Feb-2017 02:49:05 UTC] PHP   1. {main}() /home/ubuntu/workspace/public/register.php:0
[07-Feb-2017 02:49:05 UTC] PHP   2. has_unique_username() /home/ubuntu/workspace/public/register.php:64
[07-Feb-2017 02:49:05 UTC] PHP   3. mysql_fetch_row() /home/ubuntu/workspace/private/validation_functions.php:43
[07-Feb-2017 02:49:29 UTC] PHP Warning:  mysql_fetch_row() expects parameter 1 to be resource, object given in /home/ubuntu/workspace/private/validation_functions.php on line 43
[07-Feb-2017 02:49:29 UTC] PHP Stack trace:
[07-Feb-2017 02:49:29 UTC] PHP   1. {main}() /home/ubuntu/workspace/public/register.php:0
[07-Feb-2017 02:49:29 UTC] PHP   2. has_unique_username() /home/ubuntu/workspace/public/register.php:64
[07-Feb-2017 02:49:29 UTC] PHP   3. mysql_fetch_row() /home/ubuntu/workspace/private/validation_functions.php:43
[07-Feb-2017 02:49:31 UTC] PHP Warning:  mysql_fetch_row() expects parameter 1 to be resource, object given in /home/ubuntu/workspace/private/validation_functions.php on line 43
[07-Feb-2017 02:49:31 UTC] PHP Stack trace:
[07-Feb-2017 02:49:31 UTC] PHP   1. {main}() /home/ubuntu/workspace/public/register.php:0
[07-Feb-2017 02:49:31 UTC] PHP   2. has_unique_username() /home/ubuntu/workspace/public/register.php:64
[07-Feb-2017 02:49:31 UTC] PHP   3. mysql_fetch_row() /home/ubuntu/workspace/private/validation_functions.php:43
[07-Feb-2017 02:49:32 UTC] PHP Warning:  mysql_fetch_row() expects parameter 1 to be resource, object given in /home/ubuntu/workspace/private/validation_functions.php on line 43
[07-Feb-2017 02:49:32 UTC] PHP Stack trace:
[07-Feb-2017 02:49:32 UTC] PHP   1. {main}() /home/ubuntu/workspace/public/register.php:0
[07-Feb-2017 02:49:32 UTC] PHP   2. has_unique_username() /home/ubuntu/workspace/public/register.php:64
[07-Feb-2017 02:49:32 UTC] PHP   3. mysql_fetch_row() /home/ubuntu/workspace/private/validation_functions.php:43
[07-Feb-2017 02:50:03 UTC] PHP Warning:  mysql_fetch_row() expects parameter 1 to be resource, object given in /home/ubuntu/workspace/private/validation_functions.php on line 43
[07-Feb-2017 02:50:03 UTC] PHP Stack trace:
[07-Feb-2017 02:50:03 UTC] PHP   1. {main}() /home/ubuntu/workspace/public/register.php:0
[07-Feb-2017 02:50:03 UTC] PHP   2. has_unique_username() /home/ubuntu/workspace/public/register.php:64
[07-Feb-2017 02:50:03 UTC] PHP   3. mysql_fetch_row() /home/ubuntu/workspace/private/validation_functions.php:43
[07-Feb-2017 02:50:04 UTC] PHP Warning:  mysql_fetch_row() expects parameter 1 to be resource, object given in /home/ubuntu/workspace/private/validation_functions.php on line 43
[07-Feb-2017 02:50:04 UTC] PHP Stack trace:
[07-Feb-2017 02:50:04 UTC] PHP   1. {main}() /home/ubuntu/workspace/public/register.php:0
[07-Feb-2017 02:50:04 UTC] PHP   2. has_unique_username() /home/ubuntu/workspace/public/register.php:64
[07-Feb-2017 02:50:04 UTC] PHP   3. mysql_fetch_row() /home/ubuntu/workspace/private/validation_functions.php:43
[07-Feb-2017 02:51:20 UTC] PHP Warning:  mysql_query() expects parameter 1 to be string, object given in /home/ubuntu/workspace/private/validation_functions.php on line 43
[07-Feb-2017 02:51:20 UTC] PHP Stack trace:
[07-Feb-2017 02:51:20 UTC] PHP   1. {main}() /home/ubuntu/workspace/public/register.php:0
[07-Feb-2017 02:51:20 UTC] PHP   2. has_unique_username() /home/ubuntu/workspace/public/register.php:64
[07-Feb-2017 02:51:20 UTC] PHP   3. mysql_query() /home/ubuntu/workspace/private/validation_functions.php:43
[07-Feb-2017 02:52:24 UTC] PHP Warning:  mysql_result() expects parameter 1 to be resource, object given in /home/ubuntu/workspace/private/validation_functions.php on line 43
[07-Feb-2017 02:52:24 UTC] PHP Stack trace:
[07-Feb-2017 02:52:24 UTC] PHP   1. {main}() /home/ubuntu/workspace/public/register.php:0
[07-Feb-2017 02:52:24 UTC] PHP   2. has_unique_username() /home/ubuntu/workspace/public/register.php:64
[07-Feb-2017 02:52:24 UTC] PHP   3. mysql_result() /home/ubuntu/workspace/private/validation_functions.php:43
[07-Feb-2017 02:52:24 UTC] PHP Warning:  mysql_result() expects parameter 1 to be resource, object given in /home/ubuntu/workspace/private/validation_functions.php on line 43
[07-Feb-2017 02:52:24 UTC] PHP Stack trace:
[07-Feb-2017 02:52:24 UTC] PHP   1. {main}() /home/ubuntu/workspace/public/register.php:0
[07-Feb-2017 02:52:24 UTC] PHP   2. has_unique_username() /home/ubuntu/workspace/public/register.php:64
[07-Feb-2017 02:52:24 UTC] PHP   3. mysql_result() /home/ubuntu/workspace/private/validation_functions.php:43
[07-Feb-2017 02:52:30 UTC] PHP Warning:  mysql_result() expects at least 2 parameters, 1 given in /home/ubuntu/workspace/private/validation_functions.php on line 43
[07-Feb-2017 02:52:30 UTC] PHP Stack trace:
[07-Feb-2017 02:52:30 UTC] PHP   1. {main}() /home/ubuntu/workspace/public/register.php:0
[07-Feb-2017 02:52:30 UTC] PHP   2. has_unique_username() /home/ubuntu/workspace/public/register.php:64
[07-Feb-2017 02:52:30 UTC] PHP   3. mysql_result() /home/ubuntu/workspace/private/validation_functions.php:43
[07-Feb-2017 02:52:31 UTC] PHP Warning:  mysql_result() expects at least 2 parameters, 1 given in /home/ubuntu/workspace/private/validation_functions.php on line 43
[07-Feb-2017 02:52:31 UTC] PHP Stack trace:
[07-Feb-2017 02:52:31 UTC] PHP   1. {main}() /home/ubuntu/workspace/public/register.php:0
[07-Feb-2017 02:52:31 UTC] PHP   2. has_unique_username() /home/ubuntu/workspace/public/register.php:64
[07-Feb-2017 02:52:31 UTC] PHP   3. mysql_result() /home/ubuntu/workspace/private/validation_functions.php:43
[07-Feb-2017 05:41:56 UTC] PHP Warning:  mysql_result() expects parameter 1 to be resource, object given in /home/ubuntu/workspace/private/validation_functions.php on line 43
[07-Feb-2017 05:41:56 UTC] PHP Stack trace:
[07-Feb-2017 05:41:56 UTC] PHP   1. {main}() /home/ubuntu/workspace/public/register.php:0
[07-Feb-2017 05:41:56 UTC] PHP   2. has_unique_username() /home/ubuntu/workspace/public/register.php:64
[07-Feb-2017 05:41:56 UTC] PHP   3. mysql_result() /home/ubuntu/workspace/private/validation_functions.php:43
[07-Feb-2017 05:42:27 UTC] PHP Warning:  mysql_result() expects parameter 1 to be resource, object given in /home/ubuntu/workspace/private/validation_functions.php on line 43
[07-Feb-2017 05:42:27 UTC] PHP Stack trace:
[07-Feb-2017 05:42:27 UTC] PHP   1. {main}() /home/ubuntu/workspace/public/register.php:0
[07-Feb-2017 05:42:27 UTC] PHP   2. has_unique_username() /home/ubuntu/workspace/public/register.php:64
[07-Feb-2017 05:42:27 UTC] PHP   3. mysql_result() /home/ubuntu/workspace/private/validation_functions.php:43
[07-Feb-2017 05:43:31 UTC] PHP Fatal error:  Cannot use object of type mysqli_result as array in /home/ubuntu/workspace/private/validation_functions.php on line 44
[07-Feb-2017 05:43:31 UTC] PHP Stack trace:
[07-Feb-2017 05:43:31 UTC] PHP   1. {main}() /home/ubuntu/workspace/public/register.php:0
[07-Feb-2017 05:43:31 UTC] PHP   2. has_unique_username() /home/ubuntu/workspace/public/register.php:64
[07-Feb-2017 05:43:59 UTC] PHP Fatal error:  Cannot use object of type mysqli_result as array in /home/ubuntu/workspace/private/validation_functions.php on line 44
[07-Feb-2017 05:43:59 UTC] PHP Stack trace:
[07-Feb-2017 05:43:59 UTC] PHP   1. {main}() /home/ubuntu/workspace/public/register.php:0
[07-Feb-2017 05:43:59 UTC] PHP   2. has_unique_username() /home/ubuntu/workspace/public/register.php:64
[07-Feb-2017 05:44:34 UTC] PHP Fatal error:  Cannot use object of type mysqli_result as array in /home/ubuntu/workspace/private/validation_functions.php on line 44
[07-Feb-2017 05:44:34 UTC] PHP Stack trace:
[07-Feb-2017 05:44:34 UTC] PHP   1. {main}() /home/ubuntu/workspace/public/register.php:0
[07-Feb-2017 05:44:34 UTC] PHP   2. has_unique_username() /home/ubuntu/workspace/public/register.php:64
[27-Feb-2017 04:16:14 UTC] PHP Warning:  substr() expects at least 2 parameters, 1 given in /home/ubuntu/workspace/public/get_secret_cookie.php on line 27
[27-Feb-2017 04:16:14 UTC] PHP Stack trace:
[27-Feb-2017 04:16:14 UTC] PHP   1. {main}() /home/ubuntu/workspace/public/get_secret_cookie.php:0
[27-Feb-2017 04:16:14 UTC] PHP   2. substr() /home/ubuntu/workspace/public/get_secret_cookie.php:27
[27-Feb-2017 04:17:09 UTC] PHP Fatal error:  Call to undefined function subtr() in /home/ubuntu/workspace/public/get_secret_cookie.php on line 27
[27-Feb-2017 04:17:09 UTC] PHP Stack trace:
[27-Feb-2017 04:17:09 UTC] PHP   1. {main}() /home/ubuntu/workspace/public/get_secret_cookie.php:0
[27-Feb-2017 04:21:07 UTC] PHP Parse error:  syntax error, unexpected 'const' (T_CONST) in /home/ubuntu/workspace/public/get_secret_cookie.php on line 27
[27-Feb-2017 04:21:54 UTC] PHP Fatal error:  Call to undefined function key_decrypt() in /home/ubuntu/workspace/public/get_secret_cookie.php on line 44
[27-Feb-2017 04:21:54 UTC] PHP Stack trace:
[27-Feb-2017 04:21:54 UTC] PHP   1. {main}() /home/ubuntu/workspace/public/get_secret_cookie.php:0
[27-Feb-2017 04:22:14 UTC] PHP Parse error:  syntax error, unexpected ')', expecting ',' or ';' in /home/ubuntu/workspace/public/get_secret_cookie.php on line 44
